'h'
'a'
'a'
'r'
's'
'h'
'i'
't'
'a'
Key.space
'r'
'h'
'c'
Key.space
Key.enter
Key.space
'c'
't'
'r'
'l'
Key.space
Key.tab
Key.space
Key.right
Key.left
Key.backspace
'4'
Key.shift
'B'
'a'
's'
'i'
'c'
Key.space
Key.shift
'K'
'e'
'y'
'l'
'o'
'g'
'g'
'e'
'r'
Key.space
Key.shift
'P'
'r'
'o'
'g'
'r'
'a'
'm'
Key.space
't'
'o'
Key.space
'r'
'e'
'c'
'o'
'r'
'd'
Key.space
'a'
'n'
'd'
Key.space
'l'
'o'
'g'
Key.space
'k'
'e'
'y'
's'
't'
'r'
'o'
'k'
'e'
's'
Key.backspace
'.'
Key.backspace
Key.backspace
Key.backspace
Key.backspace
Key.backspace
Key.backspace
Key.backspace
Key.right
Key.backspace
Key.shift
'S'
'i'
'm'
'p'
'l'
'e'
Key.space
Key.shift
'K'
'e'
'y'
'l'
'o'
'g'
'g'
'e'
'r'
'.'
'p'
'y'
Key.ctrl_l
'\x01'
'\x03'
Key.ctrl_l
'\x16'
Key.backspace
Key.backspace
Key.backspace
Key.backspace
Key.backspace
Key.backspace
Key.backspace
Key.backspace
Key.backspace
Key.backspace
Key.backspace
Key.backspace
Key.shift
'T'
'h'
'i'
's'
Key.space
'c'
'o'
'n'
't'
'a'
'i'
'n'
Key.space
't'
'h'
'e'
'='
Key.backspace
Key.backspace
Key.backspace
Key.backspace
Key.backspace
's'
Key.space
't'
'h'
'e'
Key.space
'c'
'o'
Key.backspace
Key.backspace
Key.shift
'c'
'o'
'd'
'e'
Key.space
'i'
'n'
Key.space
Key.shift
'P'
'y'
't'
'h'
'o'
'n'
Key.space
'f'
'o'
'r'
Key.space
'a'
Key.space
's'
'i'
'm'
'p'
'l'
'e'
Key.space
'k'
'e'
'y'
'o'
'g'
'g'
'e'
'r'
Key.space
Key.backspace
Key.backspace
Key.backspace
Key.backspace
Key.backspace
Key.backspace
'l'
'o'
'g'
'g'
'e'
'r'
Key.space
'w'
'h'
'i'
'c'
'h'
Key.space
'r'
'e'
'c'
'o'
'r'
'r'
'd'
'a'
's'
Key.backspace
Key.backspace
Key.backspace
Key.backspace
'd'
's'
Key.space
'a'
'n'
'd'
Key.space
'l'
'o'
'g'
's'
Key.space
'a'
'l'
'l'
Key.space
't'
'h'
'e'
Key.space
